<?xml version="1.0" encoding="UTF-8"?>
<testsuite errors="0" failures="0" hostname="workstation" name="SimpleSpec" tests="1" time="1.266" timestamp="2011-11-16T06:57:01">
  <properties />
  <testcase classname="SimpleSpec" name="Make Any Request" time="1.017" />
  <system-out><![CDATA[]]></system-out>
  <system-err><![CDATA[]]></system-err>
</testsuite>
