<?xml version="1.0" encoding="UTF-8"?>
<testsuite errors="0" failures="0" hostname="workstation" name="SimpleSMSSpec" tests="1" time="0.056" timestamp="2011-11-16T08:15:21">
  <properties />
  <testcase classname="SimpleSMSSpec" name="mpushapi smssubmit" time="0.051" />
  <system-out><![CDATA[]]></system-out>
  <system-err><![CDATA[]]></system-err>
</testsuite>
